<?xml version="1.0" encoding="UTF-8"?>
<!-- Generated by org.testng.reporters.JUnitReportReporter -->
<testsuite skipped="0" hostname="ALVR4HGQ2WMN" name="com.gt.testApi.ApiTest" tests="2" failures="0" timestamp="2023-01-31T15:35:12 IST" time="36.267" errors="0">
  <testcase name="SevenBossTest2" time="18.287" classname="com.gt.testApi.ApiTest"/>
  <system-out/>
  <testcase name="SevenBossTest1" time="17.980" classname="com.gt.testApi.ApiTest"/>
  <system-out/>
</testsuite> <!-- com.gt.testApi.ApiTest -->
